<?xml version="1.0"?>
<testsuites tests="179" failures="9" errors="1"><testsuite name="sampleTest" errors="0" failures="0" hostname="" id="" package="sampleTest" skipped="3" tests="3" time="0.000" timestamp="Fri, 15 Jul 2016 22:16:06 GMT">
  
  
    
    <testcase name="Set Abacus To 7725">
      <skipped/>
    </testcase>
    
    <testcase name="Navigate To Search List Page">
      <skipped/>
    </testcase>
    
    <testcase name="Search For A Car Offer And Verify results are displayed">
      <skipped/>
    </testcase>
    
  
  </testsuite><testsuite name="CarMIPOffersAreDisplayed" errors="0" failures="0" hostname="" id="" package="carMIP" skipped="2" tests="2" time="0.000" timestamp="Fri, 15 Jul 2016 22:08:26 GMT">


        <testcase name="Navigate to sign in page and login">
            <skipped/>
        </testcase>

        <testcase name="Search For Cars - Airport Round Trip and verify that CarMIP offers are available">
            <skipped/>
        </testcase>


    </testsuite><testsuite name="DisambigPageDisplayedWhenPickupLocationTextGibberish" errors="0" failures="1" hostname="" id="" package="disambig" skipped="3" tests="5" time="0.000" timestamp="Fri, 15 Jul 2016 22:16:01 GMT">
  
    <testcase name="Search For Car With Pickup text as gibberish" time="21.50" assertions="4">

    

    

    

    
    </testcase>
  
    <testcase name="Verify Disambig Page Displayed" time="92.06" assertions="1">  <failure message="Expected element &lt;h1.section-header-main> text to contain: &quot;&quot;sahcgsucwhvw&quot;&quot; - element was not found">    at Object.element (/data/jenkins/workspace/car-shopping-web-ui-test/node_modules/nightwatch/lib/page-object/command-wrapper.js:103:25)
    at Object.module.exports.Verify Disambig Page Displayed (/data/jenkins/workspace/car-shopping-web-ui-test/tests/disambig/DisambigPageDisplayedWhenPickupLocationTextGibberish.js:26:29)
    at Module.call (/data/jenkins/workspace/car-shopping-web-ui-test/node_modules/nightwatch/lib/runner/module.js:63:34)
    at /data/jenkins/workspace/car-shopping-web-ui-test/node_modules/nightwatch/lib/runner/testcase.js:97:29
    at _fulfilled (/data/jenkins/workspace/car-shopping-web-ui-test/node_modules/nightwatch/node_modules/q/q.js:834:54)
    at self.promiseDispatch.done (/data/jenkins/workspace/car-shopping-web-ui-test/node_modules/nightwatch/node_modules/q/q.js:863:30)
    at Promise.promise.promiseDispatch (/data/jenkins/workspace/car-shopping-web-ui-test/node_modules/nightwatch/node_modules/q/q.js:796:13)
    at /data/jenkins/workspace/car-shopping-web-ui-test/node_modules/nightwatch/node_modules/q/q.js:556:49
    at runSingle (/data/jenkins/workspace/car-shopping-web-ui-test/node_modules/nightwatch/node_modules/q/q.js:137:13)
    at flush (/data/jenkins/workspace/car-shopping-web-ui-test/node_modules/nightwatch/node_modules/q/q.js:125:13)</failure>

    
    </testcase>
  
  
    
    <testcase name="Click On Change Search Link">
      <skipped/>
    </testcase>
    
    <testcase name="If result are more than 10, click on show more link">
      <skipped/>
    </testcase>
    
    <testcase name="If results were more than 10, click on show less link">
      <skipped/>
    </testcase>
    
  
  </testsuite><testsuite name="DisambigPageDisplayedForBothPickAndDropOffWhenBothLocationsAreNotResolved" errors="0" failures="0" hostname="" id="" package="disambig" skipped="11" tests="11" time="0.000" timestamp="Fri, 15 Jul 2016 22:08:26 GMT">
  
  
    
    <testcase name="Search For Car With Pickup and Drop Off Text Both Gibberish">
      <skipped/>
    </testcase>
    
    <testcase name="Verify Details on disambig page">
      <skipped/>
    </testcase>
    
    <testcase name="Click On Change Search Link">
      <skipped/>
    </testcase>
    
    <testcase name="If result are more than 10, click on show more link">
      <skipped/>
    </testcase>
    
    <testcase name="If result are more than 10, click on show less link">
      <skipped/>
    </testcase>
    
    <testcase name="Click On First Suggestion">
      <skipped/>
    </testcase>
    
    <testcase name="Click On Change Search Link On Drop Off Disambig">
      <skipped/>
    </testcase>
    
    <testcase name="Verify details displayed on disambig for drop off">
      <skipped/>
    </testcase>
    
    <testcase name="If result are more than 10, click on show more link on drop off disambig">
      <skipped/>
    </testcase>
    
    <testcase name="If results were more than 10, click on show less link on drop off disambig">
      <skipped/>
    </testcase>
    
    <testcase name="Click on back button">
      <skipped/>
    </testcase>
    
  
  </testsuite><testsuite name="DropOffPageDetailsOffAirportPickUpDropOff" errors="0" failures="0" hostname="" id="" package="dropOffPage" skipped="0" tests="2" time="0.000" timestamp="Fri, 15 Jul 2016 22:17:12 GMT">
  
    <testcase name="Search For Car From Off Airport To Another Off Airport" time="276.9" assertions="5">

    

    

    

    

    
    </testcase>
  
    <testcase name="Click on Book button for first offer card and Verify that the drop off offer cards and the car summary details are displayed on the drop off page" time="0.8240" assertions="0">
    </testcase>
  
  
  </testsuite><testsuite name="DropOffPageOfferListUniqueAndOrdered" errors="1" failures="1" hostname="" id="" package="dropOffPage" skipped="0" tests="3" time="0.000" timestamp="Fri, 15 Jul 2016 22:15:43 GMT">
  
    <testcase name="Search For Car From Airport To Off Airport" time="130.7" assertions="5">

    

    

    

    

    
    </testcase>
      <system-err>
         ERROR: Unable to locate element: "label[data-filter-name='ET']" using: css selector
      </system-err>
  
    <testcase name="Select A Single Car Rental Company Filter" time="0.8640" assertions="0">
    </testcase>
      <system-err>
         ERROR: Unable to locate element: "label[data-filter-name='ET']" using: css selector
      </system-err>
  
    <testcase name="Click on Book button for first offer card and Verify that the drop off offer cards are unique and ordered with distance less than 25 miles" time="1.527" assertions="1">  <failure message="Timed out while waiting for element &lt;h1.section-header-main>div> to be present for 90000 milliseconds.">    at Object.waitForElementVisible (/data/jenkins/workspace/car-shopping-web-ui-test/node_modules/nightwatch/lib/page-object/command-wrapper.js:103:25)</failure>

    
    </testcase>
      <system-err>
         ERROR: Unable to locate element: "label[data-filter-name='ET']" using: css selector
      </system-err>
  
  
  </testsuite><testsuite name="GuestUserAbleToBookCarForAirportRoundTrip" errors="0" failures="0" hostname="" id="" package="e2eScenarioTests" skipped="0" tests="3" time="0.000" timestamp="Fri, 15 Jul 2016 22:13:54 GMT">
  
    <testcase name="Navigate To Search List Page" time="131.3" assertions="3">

    

    

    
    </testcase>
  
    <testcase name="Search For Car From Airport To Airport" time="142.8" assertions="9">

    

    

    

    

    

    

    

    

    
    </testcase>
  
    <testcase name="Click on first available car" time="7.442" assertions="6">

    

    

    

    

    

    
    </testcase>
  
  
  </testsuite><testsuite name="GuestUserOffAirportRoundTrip" errors="0" failures="0" hostname="" id="" package="e2eScenarioTests" skipped="0" tests="5" time="0.000" timestamp="Fri, 15 Jul 2016 22:11:09 GMT">
  
    <testcase name="Navigate to expedia store front page" time="17.67" assertions="4">

    

    

    

    
    </testcase>
  
    <testcase name="Search For Car From Off Airport to same Off Airport" time="58.05" assertions="21">

    

    

    

    

    

    

    

    

    

    

    

    

    

    

    

    

    

    

    

    

    
    </testcase>
  
    <testcase name="Click On Change Search Link" time="4.352" assertions="8">

    

    

    

    

    

    

    

    
    </testcase>
  
    <testcase name="Select A Single Car Type Filter" time="19.84" assertions="6">

    

    

    

    

    

    
    </testcase>
  
    <testcase name="Click on first available car" time="12.23" assertions="6">

    

    

    

    

    

    
    </testcase>
  
  
  </testsuite><testsuite name="GuestUserOneWayAirportToAnotherAirport" errors="0" failures="0" hostname="" id="" package="e2eScenarioTests" skipped="0" tests="5" time="0.000" timestamp="Fri, 15 Jul 2016 22:10:59 GMT">
  
    <testcase name="Navigate to expedia store front page" time="16.91" assertions="4">

    

    

    

    
    </testcase>
  
    <testcase name="Search For Car From One Airport To Another Airport" time="51.42" assertions="18">

    

    

    

    

    

    

    

    

    

    

    

    

    

    

    

    

    

    
    </testcase>
  
    <testcase name="Click On Change Search Link" time="4.510" assertions="8">

    

    

    

    

    

    

    

    
    </testcase>
  
    <testcase name="Select A Single Car Type Filter" time="14.37" assertions="6">

    

    

    

    

    

    
    </testcase>
  
    <testcase name="Click on Book button for first offer card" time="13.97" assertions="5">

    

    

    

    

    
    </testcase>
  
  
  </testsuite><testsuite name="GuestUserOneWayAirportToOffAirport" errors="0" failures="1" hostname="" id="" package="e2eScenarioTests" skipped="3" tests="7" time="0.000" timestamp="Fri, 15 Jul 2016 22:14:22 GMT">
  
    <testcase name="Navigate to expedia store front page" time="20.97" assertions="4">

    

    

    

    
    </testcase>
  
    <testcase name="Search For Car From Airport To Off Airport" time="59.80" assertions="19">

    

    

    

    

    

    

    

    

    

    

    

    

    

    

    

    

    

    

    
    </testcase>
  
    <testcase name="Click On Change Search Link" time="3.709" assertions="8">

    

    

    

    

    

    

    

    
    </testcase>
  
    <testcase name="Select A Single Car Rental Company Filter" time="29.66" assertions="1">  <failure message="Timed out while waiting for element &lt;label[data-filter-name='ET']> to be present for 90000 milliseconds.">    at Object.waitForElementVisible (/data/jenkins/workspace/car-shopping-web-ui-test/node_modules/nightwatch/lib/page-object/command-wrapper.js:103:25)
    at Object.filterActions.selectFilterForCarRentalCompany (/data/jenkins/workspace/car-shopping-web-ui-test/pageobjects/carSearchList/filterComponent.js:55:14)
    at Object.module.exports.Select A Single Car Rental Company Filter (/data/jenkins/workspace/car-shopping-web-ui-test/tests/e2eScenarioTests/GuestUserOneWayAirportToOffAirport.js:58:34)
    at Module.call (/data/jenkins/workspace/car-shopping-web-ui-test/node_modules/nightwatch/lib/runner/module.js:63:34)
    at /data/jenkins/workspace/car-shopping-web-ui-test/node_modules/nightwatch/lib/runner/testcase.js:97:29
    at _fulfilled (/data/jenkins/workspace/car-shopping-web-ui-test/node_modules/nightwatch/node_modules/q/q.js:834:54)
    at self.promiseDispatch.done (/data/jenkins/workspace/car-shopping-web-ui-test/node_modules/nightwatch/node_modules/q/q.js:863:30)
    at Promise.promise.promiseDispatch (/data/jenkins/workspace/car-shopping-web-ui-test/node_modules/nightwatch/node_modules/q/q.js:796:13)
    at /data/jenkins/workspace/car-shopping-web-ui-test/node_modules/nightwatch/node_modules/q/q.js:556:49
    at runSingle (/data/jenkins/workspace/car-shopping-web-ui-test/node_modules/nightwatch/node_modules/q/q.js:137:13)</failure>

    
    </testcase>
  
  
    
    <testcase name="Click on Book button for first offer card and Verify the drop off page is displayed">
      <skipped/>
    </testcase>
    
    <testcase name="Click On Change Search Link On Drop Off Page">
      <skipped/>
    </testcase>
    
    <testcase name="Click on Select button for the first drop off card">
      <skipped/>
    </testcase>
    
  
  </testsuite><testsuite name="GuestUserOneWayOffAirportToAirport" errors="0" failures="0" hostname="" id="" package="e2eScenarioTests" skipped="0" tests="5" time="0.000" timestamp="Fri, 15 Jul 2016 22:11:15 GMT">
  
    <testcase name="Navigate to expedia store front page" time="21.49" assertions="4">

    

    

    

    
    </testcase>
  
    <testcase name="Search For Car From Off Airport To Airport" time="57.50" assertions="20">

    

    

    

    

    

    

    

    

    

    

    

    

    

    

    

    

    

    

    

    
    </testcase>
  
    <testcase name="Click On Change Search Link" time="3.059" assertions="8">

    

    

    

    

    

    

    

    
    </testcase>
  
    <testcase name="Select Any one Daily Price Filter and Verify the page header is updated with the number of cars and the price per day" time="16.69" assertions="28">

    

    

    

    

    

    

    

    

    

    

    

    

    

    

    

    

    

    

    

    

    

    

    

    

    

    

    

    
    </testcase>
  
    <testcase name="Click on Book button for first offer card" time="10.90" assertions="5">

    

    

    

    

    
    </testcase>
  
  
  </testsuite><testsuite name="GuestUserOneWayOffAirportToAnotherOffAirport" errors="0" failures="0" hostname="" id="" package="e2eScenarioTests" skipped="0" tests="7" time="0.000" timestamp="Fri, 15 Jul 2016 22:14:41 GMT">
  
    <testcase name="Navigate to expedia store front page" time="8.488" assertions="4">

    

    

    

    
    </testcase>
  
    <testcase name="Search For Car From Airport To Off Airport" time="143.7" assertions="20">

    

    

    

    

    

    

    

    

    

    

    

    

    

    

    

    

    

    

    

    
    </testcase>
  
    <testcase name="Click On Change Search Link" time="2.938" assertions="8">

    

    

    

    

    

    

    

    
    </testcase>
  
    <testcase name="Select A Search Nearby Filter and Verify the offer cards have pick up location within the given distance" time="8.231" assertions="2">

    

    
    </testcase>
  
    <testcase name="Click on Book button for first offer card and Verify the drop off page is displayed" time="135.7" assertions="13">

    

    

    

    

    

    

    

    

    

    

    

    

    
    </testcase>
  
    <testcase name="Click On Change Search Link On Drop Off Page" time="1.906" assertions="8">

    

    

    

    

    

    

    

    
    </testcase>
  
    <testcase name="Click on Select button for the first drop off card" time="8.069" assertions="5">

    

    

    

    

    
    </testcase>
  
  
  </testsuite><testsuite name="LoggedInUserAirportRoundTrip" errors="0" failures="1" hostname="" id="" package="e2eScenarioTests" skipped="1" tests="5" time="0.000" timestamp="Fri, 15 Jul 2016 22:16:06 GMT">
  
    <testcase name="Navigate to sign in page and login" time="36.64" assertions="7">

    

    

    

    

    

    

    
    </testcase>
  
    <testcase name="Search For Car From Airport To Airport" time="173.7" assertions="18">

    

    

    

    

    

    

    

    

    

    

    

    

    

    

    

    

    

    
    </testcase>
  
    <testcase name="Click On Change Search Link" time="2.032" assertions="8">

    

    

    

    

    

    

    

    
    </testcase>
  
    <testcase name="Select A Single Car Rental Company Filter" time="0.3600" assertions="1">  <failure message="Timed out while waiting for element &lt;label[data-filter-name='ET']> to be present for 90000 milliseconds.">    at Object.waitForElementVisible (/data/jenkins/workspace/car-shopping-web-ui-test/node_modules/nightwatch/lib/page-object/command-wrapper.js:103:25)
    at Object.filterActions.selectFilterForCarRentalCompany (/data/jenkins/workspace/car-shopping-web-ui-test/pageobjects/carSearchList/filterComponent.js:55:14)
    at Object.module.exports.Select A Single Car Rental Company Filter (/data/jenkins/workspace/car-shopping-web-ui-test/tests/e2eScenarioTests/LoggedInUserAirportRoundTrip.js:62:34)
    at Module.call (/data/jenkins/workspace/car-shopping-web-ui-test/node_modules/nightwatch/lib/runner/module.js:63:34)
    at /data/jenkins/workspace/car-shopping-web-ui-test/node_modules/nightwatch/lib/runner/testcase.js:97:29
    at _fulfilled (/data/jenkins/workspace/car-shopping-web-ui-test/node_modules/nightwatch/node_modules/q/q.js:834:54)
    at self.promiseDispatch.done (/data/jenkins/workspace/car-shopping-web-ui-test/node_modules/nightwatch/node_modules/q/q.js:863:30)
    at Promise.promise.promiseDispatch (/data/jenkins/workspace/car-shopping-web-ui-test/node_modules/nightwatch/node_modules/q/q.js:796:13)
    at /data/jenkins/workspace/car-shopping-web-ui-test/node_modules/nightwatch/node_modules/q/q.js:556:49
    at runSingle (/data/jenkins/workspace/car-shopping-web-ui-test/node_modules/nightwatch/node_modules/q/q.js:137:13)</failure>

    
    </testcase>
  
  
    
    <testcase name="Click on Book button for first offer card">
      <skipped/>
    </testcase>
    
  
  </testsuite><testsuite name="LoggedInUserOffAirportRoundTrip" errors="0" failures="0" hostname="" id="" package="e2eScenarioTests" skipped="0" tests="5" time="0.000" timestamp="Fri, 15 Jul 2016 22:13:19 GMT">
  
    <testcase name="Navigate to sign in page and login" time="49.79" assertions="7">

    

    

    

    

    

    

    
    </testcase>
  
    <testcase name="Search For Car From Off Airport to same Off Airport" time="138.1" assertions="21">

    

    

    

    

    

    

    

    

    

    

    

    

    

    

    

    

    

    

    

    

    
    </testcase>
  
    <testcase name="Click On Change Search Link" time="1.941" assertions="8">

    

    

    

    

    

    

    

    
    </testcase>
  
    <testcase name="Select A Single Car Type Filter" time="11.52" assertions="6">

    

    

    

    

    

    
    </testcase>
  
    <testcase name="Click on first available car" time="11.37" assertions="6">

    

    

    

    

    

    
    </testcase>
  
  
  </testsuite><testsuite name="LoggedInUserOneWayAirportToAnotherAirport" errors="0" failures="0" hostname="" id="" package="e2eScenarioTests" skipped="0" tests="5" time="0.000" timestamp="Fri, 15 Jul 2016 22:12:09 GMT">
  
    <testcase name="Navigate to sign in page and login" time="68.21" assertions="7">

    

    

    

    

    

    

    
    </testcase>
  
    <testcase name="Search For Car From One Airport To Another Airport" time="43.97" assertions="18">

    

    

    

    

    

    

    

    

    

    

    

    

    

    

    

    

    

    
    </testcase>
  
    <testcase name="Click On Change Search Link" time="2.626" assertions="8">

    

    

    

    

    

    

    

    
    </testcase>
  
    <testcase name="Select A Single Car Type Filter" time="11.56" assertions="6">

    

    

    

    

    

    
    </testcase>
  
    <testcase name="Click on Book button for first offer card" time="13.53" assertions="5">

    

    

    

    

    
    </testcase>
  
  
  </testsuite><testsuite name="LoggedInUserOneWayAirportToOffAirport" errors="0" failures="1" hostname="" id="" package="e2eScenarioTests" skipped="3" tests="7" time="0.000" timestamp="Fri, 15 Jul 2016 22:15:02 GMT">
  
    <testcase name="Navigate to sign in page and login" time="49.92" assertions="7">

    

    

    

    

    

    

    
    </testcase>
  
    <testcase name="Search For Car From Airport To Off Airport" time="64.54" assertions="12">

    

    

    

    

    

    

    

    

    

    

    

    
    </testcase>
  
    <testcase name="Click On Change Search Link" time="3.546" assertions="8">

    

    

    

    

    

    

    

    
    </testcase>
  
    <testcase name="Select A Single Car Rental Company Filter" time="1.071" assertions="1">  <failure message="Timed out while waiting for element &lt;label[data-filter-name='ET']> to be present for 90000 milliseconds.">    at Object.waitForElementVisible (/data/jenkins/workspace/car-shopping-web-ui-test/node_modules/nightwatch/lib/page-object/command-wrapper.js:103:25)
    at Object.filterActions.selectFilterForCarRentalCompany (/data/jenkins/workspace/car-shopping-web-ui-test/pageobjects/carSearchList/filterComponent.js:55:14)
    at Object.module.exports.Select A Single Car Rental Company Filter (/data/jenkins/workspace/car-shopping-web-ui-test/tests/e2eScenarioTests/LoggedInUserOneWayAirportToOffAirport.js:58:34)
    at Module.call (/data/jenkins/workspace/car-shopping-web-ui-test/node_modules/nightwatch/lib/runner/module.js:63:34)
    at /data/jenkins/workspace/car-shopping-web-ui-test/node_modules/nightwatch/lib/runner/testcase.js:97:29
    at _fulfilled (/data/jenkins/workspace/car-shopping-web-ui-test/node_modules/nightwatch/node_modules/q/q.js:834:54)
    at self.promiseDispatch.done (/data/jenkins/workspace/car-shopping-web-ui-test/node_modules/nightwatch/node_modules/q/q.js:863:30)
    at Promise.promise.promiseDispatch (/data/jenkins/workspace/car-shopping-web-ui-test/node_modules/nightwatch/node_modules/q/q.js:796:13)
    at /data/jenkins/workspace/car-shopping-web-ui-test/node_modules/nightwatch/node_modules/q/q.js:556:49
    at runSingle (/data/jenkins/workspace/car-shopping-web-ui-test/node_modules/nightwatch/node_modules/q/q.js:137:13)</failure>

    
    </testcase>
  
  
    
    <testcase name="Click on Book button for first offer card and Verify the drop off page is displayed">
      <skipped/>
    </testcase>
    
    <testcase name="Click On Change Search Link On Drop Off Page">
      <skipped/>
    </testcase>
    
    <testcase name="Click on Select button for the first drop off card">
      <skipped/>
    </testcase>
    
  
  </testsuite><testsuite name="LoggedInUserOneWayOffAirportToAirport" errors="0" failures="0" hostname="" id="" package="e2eScenarioTests" skipped="0" tests="5" time="0.000" timestamp="Fri, 15 Jul 2016 22:13:42 GMT">
  
    <testcase name="Navigate to sign in page and login" time="53.00" assertions="7">

    

    

    

    

    

    

    
    </testcase>
  
    <testcase name="Search For Car From Off Airport To Airport" time="142.5" assertions="20">

    

    

    

    

    

    

    

    

    

    

    

    

    

    

    

    

    

    

    

    
    </testcase>
  
    <testcase name="Click On Change Search Link" time="2.220" assertions="8">

    

    

    

    

    

    

    

    
    </testcase>
  
    <testcase name="Select Any one Daily Price Filter and Verify the page header is updated with the number of cars and the price per day" time="13.25" assertions="28">

    

    

    

    

    

    

    

    

    

    

    

    

    

    

    

    

    

    

    

    

    

    

    

    

    

    

    

    
    </testcase>
  
    <testcase name="Click on Book button for first offer card" time="10.53" assertions="5">

    

    

    

    

    
    </testcase>
  
  
  </testsuite><testsuite name="LoggedInUserOneWayOffAirportToAnotherOffAirport" errors="0" failures="0" hostname="" id="" package="e2eScenarioTests" skipped="0" tests="7" time="0.000" timestamp="Fri, 15 Jul 2016 22:15:51 GMT">
  
    <testcase name="Navigate to sign in page and login" time="46.36" assertions="7">

    

    

    

    

    

    

    
    </testcase>
  
    <testcase name="Search For Car From Airport To Off Airport" time="140.9" assertions="20">

    

    

    

    

    

    

    

    

    

    

    

    

    

    

    

    

    

    

    

    
    </testcase>
  
    <testcase name="Click On Change Search Link" time="2.050" assertions="8">

    

    

    

    

    

    

    

    
    </testcase>
  
    <testcase name="Select A Search Nearby Filter and Verify the offer cards have pick up location within the given distance" time="7.928" assertions="2">

    

    
    </testcase>
  
    <testcase name="Click on Book button for first offer card and Verify the drop off page is displayed" time="136.5" assertions="13">

    

    

    

    

    

    

    

    

    

    

    

    

    
    </testcase>
  
    <testcase name="Click On Change Search Link On Drop Off Page" time="1.871" assertions="8">

    

    

    

    

    

    

    

    
    </testcase>
  
    <testcase name="Click on Select button for the first drop off card" time="7.108" assertions="5">

    

    

    

    

    
    </testcase>
  
  
  </testsuite><testsuite name="UserIsAbleToLoginFromSearchPage" errors="0" failures="0" hostname="" id="" package="globalHeaders" skipped="0" tests="3" time="0.000" timestamp="Fri, 15 Jul 2016 22:12:14 GMT">
  
    <testcase name="Search For Car From Airport To Airport" time="23.88" assertions="4">

    

    

    

    
    </testcase>
  
    <testcase name="Login from search page" time="52.90" assertions="5">

    

    

    

    

    
    </testcase>
  
    <testcase name="Logout From Search Page" time="12.11" assertions="3">

    

    

    
    </testcase>
  
  
  </testsuite><testsuite name="testRenderPageWithPageIdTitle" errors="0" failures="0" hostname="" id="" package="infosite" skipped="3" tests="3" time="0.000" timestamp="Fri, 15 Jul 2016 22:11:20 GMT">
  
  
    
    <testcase name="Turn On Abacus 10387">
      <skipped/>
    </testcase>
    
    <testcase name="Search for a car airport roundtrip">
      <skipped/>
    </testcase>
    
    <testcase name=" Click on reserve button and verify all the details on the infosite page">
      <skipped/>
    </testcase>
    
  
  </testsuite><testsuite name="LiabilityInsurance" errors="0" failures="0" hostname="" id="" package="headerSection" skipped="0" tests="3" time="0.000" timestamp="Fri, 15 Jul 2016 22:16:15 GMT">
  
    <testcase name="Search cars with MX destination and verify liability-insurance-included message on CSR" time="269.7" assertions="8">

    

    

    

    

    

    

    

    
    </testcase>
  
    <testcase name="Click on first available car" time="5.512" assertions="1">

    
    </testcase>
  
    <testcase name="Verify liability-insurance-included message on CKO" time="1.295" assertions="3">

    

    

    
    </testcase>
  
  
  </testsuite><testsuite name="TitleBannersConfidenceMessagesOnCarSearchDropOff" errors="0" failures="0" hostname="" id="" package="headerSection" skipped="0" tests="3" time="0.000" timestamp="Fri, 15 Jul 2016 22:12:25 GMT">
  
    <testcase name="Search For Car From One Off Airport To Another Off Airport" time="20.81" assertions="19">

    

    

    

    

    

    

    

    

    

    

    

    

    

    

    

    

    

    

    
    </testcase>
  
    <testcase name="Select A Single Car Rental Company Filter" time="15.05" assertions="6">

    

    

    

    

    

    
    </testcase>
  
    <testcase name="Click on Book button for first offer card and Verify the drop off page is displayed" time="7.971" assertions="9">

    

    

    

    

    

    

    

    

    
    </testcase>
  
  
  </testsuite><testsuite name="TitleDiscountBannersConfidenceMessagesForAirportSearch" errors="0" failures="0" hostname="" id="" package="headerSection" skipped="0" tests="2" time="0.000" timestamp="Fri, 15 Jul 2016 22:12:02 GMT">
  
    <testcase name="Search For Car From One Airport To Another Airport" time="12.24" assertions="20">

    

    

    

    

    

    

    

    

    

    

    

    

    

    

    

    

    

    

    

    
    </testcase>
  
    <testcase name="Select A Single Car Type Filter" time="9.471" assertions="6">

    

    

    

    

    

    
    </testcase>
  
  
  </testsuite><testsuite name="TestDatePickerValidation" errors="0" failures="0" hostname="" id="" package="inlineWizard" skipped="0" tests="4" time="0.000" timestamp="Fri, 15 Jul 2016 22:17:21 GMT">
  
    <testcase name="Turn On Abacus 11085" time="0.4840" assertions="4">

    

    

    

    
    </testcase>
  
    <testcase name="Enter Pick Up Date" time="259.6" assertions="3">

    

    

    
    </testcase>
  
    <testcase name="Enter Drop off Date" time="1.157" assertions="3">

    

    

    
    </testcase>
  
    <testcase name="Enter Pick up location and click on search" time="70.74" assertions="1">

    
    </testcase>
  
  
  </testsuite><testsuite name="TestErrorDisplayedOnBookingTimeLessThan2Hours" errors="0" failures="1" hostname="" id="" package="inlineWizard" skipped="1" tests="2" time="0.000" timestamp="Fri, 15 Jul 2016 22:20:28 GMT">
  
    <testcase name="Enter Booking Period less than 1.5 hours" time="96.84" assertions="6">

    

    

    

    

      <failure message="Expected element &lt;#wizard-errors> text to contain: &quot;The drop-off date and time must occur at least {{minPickupDropoffDuration}} hours after the pick-up date and time.&quot;">    at Object.element (/data/jenkins/workspace/car-shopping-web-ui-test/node_modules/nightwatch/lib/page-object/command-wrapper.js:103:25)</failure>

    
    </testcase>
  
  
    
    <testcase name="Enter Current time as pickUp time and  Booking Period less than 2 hours">
      <skipped/>
    </testcase>
    
  
  </testsuite><testsuite name="TestErrorIsDisplayedForInvalidDates" errors="0" failures="1" hostname="" id="" package="inlineWizard" skipped="0" tests="4" time="0.000" timestamp="Fri, 15 Jul 2016 22:28:10 GMT">
  
    <testcase name="Search For Car With Invalid Pickup Date Format" time="268.0" assertions="13">

    

    

    

    

    

    

    

    

    

    

    

    

    
    </testcase>
  
    <testcase name="Search For Car With Past Pickup Date" time="9.739" assertions="12">

    

    

    

    

    

    

    

    

    

    

    

    
    </testcase>
  
    <testcase name="Enter Past Drop Off Date" time="9.383" assertions="9">

    

    

    

    

    

    

    

    

    
    </testcase>
  
    <testcase name="Search For Car With Drop Off Date Before Pick Up Date" time="132.7" assertions="11">

    

    

    

    

    

    

    

    

    

      <failure message="Expected element &lt;#wizard-errors> text to contain: &quot;The drop-off date and time must occur at least {{minPickupDropoffDuration}} hours after the pick-up date and time.&quot;">    at Object.element (/data/jenkins/workspace/car-shopping-web-ui-test/node_modules/nightwatch/lib/page-object/command-wrapper.js:103:25)</failure>

    
    </testcase>
  
  
  </testsuite><testsuite name="TestErrorIsDisplayedOnEnteringEmptyPickUpLocation" errors="0" failures="0" hostname="" id="" package="inlineWizard" skipped="0" tests="1" time="0.000" timestamp="Fri, 15 Jul 2016 22:17:23 GMT">
  
    <testcase name="Enter Empty Pick Up Location" time="267.9" assertions="15">

    

    

    

    

    

    

    

    

    

    

    

    

    

    

    
    </testcase>
  
  
  </testsuite><testsuite name="TestErrorIsDisplayedWhenTripIsGreaterThan30Days" errors="0" failures="0" hostname="" id="" package="inlineWizard" skipped="0" tests="1" time="0.000" timestamp="Fri, 15 Jul 2016 22:15:12 GMT">
  
    <testcase name="Enter Booking Period greater than 30 days" time="137.4" assertions="11">

    

    

    

    

    

    

    

    

    

    

    
    </testcase>
  
  
  </testsuite><testsuite name="TestSearchResultsAreDisplayedWhenChangingPickUpAndDropOffTimeFromInlineWizard" errors="0" failures="0" hostname="" id="" package="inlineWizard" skipped="0" tests="3" time="0.000" timestamp="Fri, 15 Jul 2016 22:13:03 GMT">
  
    <testcase name="Search For Car" time="10.23" assertions="12">

    

    

    

    

    

    

    

    

    

    

    

    
    </testcase>
  
    <testcase name="Change Drop Off Time In Inline Wizard To 11:30" time="8.262" assertions="10">

    

    

    

    

    

    

    

    

    

    
    </testcase>
  
    <testcase name="Change Pick Up Time In Inline Wizard To 11:30" time="8.686" assertions="10">

    

    

    

    

    

    

    

    

    

    
    </testcase>
  
  
  </testsuite><testsuite name="TestTimeFormatInlizeWizard" errors="0" failures="0" hostname="" id="" package="inlineWizard" skipped="0" tests="1" time="0.000" timestamp="Fri, 15 Jul 2016 22:13:20 GMT">
  
    <testcase name="Enter Booking Period less than 1.5 hours" time="13.31" assertions="6">

    

    

    

    

    

    
    </testcase>
  
  
  </testsuite><testsuite name="TestSearchResultsAreDisplayedWhenChangingDropOffAndPickUpLocationFromInlineWizard" errors="0" failures="0" hostname="" id="" package="inlineWizard" skipped="3" tests="3" time="0.000" timestamp="Fri, 15 Jul 2016 22:12:28 GMT">
  
  
    
    <testcase name="Search For Car">
      <skipped/>
    </testcase>
    
    <testcase name="Change Drop Off Location To Bellevue">
      <skipped/>
    </testcase>
    
    <testcase name="Change Pick Up Location To Seattle">
      <skipped/>
    </testcase>
    
  
  </testsuite><testsuite name="MapViewForOffAirportSearch" errors="0" failures="0" hostname="" id="" package="mapView" skipped="0" tests="3" time="0.000" timestamp="Fri, 15 Jul 2016 22:17:17 GMT">
  
    <testcase name="Search For Car From Off Airport location" time="19.80" assertions="12">

    

    

    

    

    

    

    

    

    

    

    

    
    </testcase>
  
    <testcase name="Click on View Map link and Verify Map View is displayed" time="1.485" assertions="3">

    

    

    
    </testcase>
  
    <testcase name="Click on the Close Map button and Verify that the Car Search page is displayed" time="1.982" assertions="4">

    

    

    

    
    </testcase>
  
  
  </testsuite><testsuite name="MetaOfferInvalidSearchParams" errors="0" failures="0" hostname="" id="" package="metaSearch" skipped="0" tests="2" time="0.000" timestamp="Fri, 15 Jul 2016 22:18:01 GMT">
  
    <testcase name="Meta search with invalid product ID" time="264.1" assertions="9">

    

    

    

    

    

    

    

    

    
    </testcase>
  
    <testcase name="Meta search with non-exist product ID and total price" time="10.30" assertions="6">

    

    

    

    

    

    
    </testcase>
  
  
  </testsuite><testsuite name="MetaOfferWithDroppedPrice" errors="0" failures="0" hostname="" id="" package="metaSearch" skipped="0" tests="2" time="0.000" timestamp="Fri, 15 Jul 2016 22:13:56 GMT">
  
    <testcase name="Search For Car From Airport To Airport" time="12.31" assertions="6">

    

    

    

    

    

    
    </testcase>
  
    <testcase name="Find the product info of the first available car and Search cars with meta offer and with dropped price using it" time="16.07" assertions="6">

    

    

    

    

    

    
    </testcase>
  
  
  </testsuite><testsuite name="MetaOfferWithIncreasedPrice" errors="0" failures="0" hostname="" id="" package="metaSearch" skipped="0" tests="2" time="0.000" timestamp="Fri, 15 Jul 2016 22:17:17 GMT">
  
    <testcase name="Search For Car From Airport To Airport" time="133.2" assertions="6">

    

    

    

    

    

    
    </testcase>
  
    <testcase name="Find the product info of the first available car and Search cars with meta offer and with increased price using it" time="73.70" assertions="6">

    

    

    

    

    

    
    </testcase>
  
  
  </testsuite><testsuite name="MetaOfferWithoutPriceChange" errors="0" failures="0" hostname="" id="" package="metaSearch" skipped="0" tests="2" time="0.000" timestamp="Fri, 15 Jul 2016 22:18:33 GMT">
  
    <testcase name="Search For Car From Airport To Airport" time="134.3" assertions="6">

    

    

    

    

    

    
    </testcase>
  
    <testcase name="Find the product info of the first available car and Search cars with meta offer and with no price using it" time="136.6" assertions="3">

    

    

    
    </testcase>
  
  
  </testsuite><testsuite name="OfferCardValidationForGuestUserOneWayAirportToAnotherAirport" errors="0" failures="0" hostname="" id="" package="offerCard" skipped="0" tests="2" time="0.000" timestamp="Fri, 15 Jul 2016 22:16:25 GMT">
  
    <testcase name="Search For Car From One Airport To Another Airport" time="130.9" assertions="5">

    

    

    

    

    
    </testcase>
  
    <testcase name="Select A Single Car Type Filter" time="9.504" assertions="11">

    

    

    

    

    

    

    

    

    

    

    
    </testcase>
  
  
  </testsuite><testsuite name="OfferCardValidationForGuestUserOneWayAirportToOffAirport" errors="0" failures="0" hostname="" id="" package="offerCard" skipped="0" tests="2" time="0.000" timestamp="Fri, 15 Jul 2016 22:17:10 GMT">
  
    <testcase name="Search For Car From One Airport To Another Airport" time="129.9" assertions="5">

    

    

    

    

    
    </testcase>
  
    <testcase name="Select A Single Car Type Filter" time="10.82" assertions="13">

    

    

    

    

    

    

    

    

    

    

    

    

    
    </testcase>
  
  
  </testsuite><testsuite name="OfferCardValidationForGuestUserOneWayOffAirportToAirport" errors="0" failures="0" hostname="" id="" package="offerCard" skipped="0" tests="2" time="0.000" timestamp="Fri, 15 Jul 2016 22:17:41 GMT">
  
    <testcase name="Search For Car From One Airport To Another Airport" time="130.7" assertions="5">

    

    

    

    

    
    </testcase>
  
    <testcase name="Select A Single Car Type Filter" time="10.13" assertions="12">

    

    

    

    

    

    

    

    

    

    

    

    
    </testcase>
  
  
  </testsuite><testsuite name="OfferCardValidationForGuestUserOneWayOffAirportToOffAirport" errors="0" failures="0" hostname="" id="" package="offerCard" skipped="0" tests="2" time="0.000" timestamp="Fri, 15 Jul 2016 22:18:19 GMT">
  
    <testcase name="Search For Car From One Airport To Another Airport" time="130.1" assertions="5">

    

    

    

    

    
    </testcase>
  
    <testcase name="Select A Single Car Type Filter" time="9.622" assertions="12">

    

    

    

    

    

    

    

    

    

    

    

    
    </testcase>
  
  
  </testsuite><testsuite name="UserIsAbleToIterateListUsingNextAndPreviousButton" errors="0" failures="1" hostname="" id="" package="pagination" skipped="1" tests="4" time="0.000" timestamp="Fri, 15 Jul 2016 22:20:14 GMT">
  
    <testcase name="Search For Car" time="66.37" assertions="5">

    

    

    

    

    
    </testcase>
  
    <testcase name="Verify pagination elements are displayed on first page" time="0.5650" assertions="3">

    

    

    
    </testcase>
  
    <testcase name="Verify Next Button Functionality" time="0.2280" assertions="1">  <failure message="Expected element &lt;#pagination .backToTop> to be visible - element was not found">    at Object.element (/data/jenkins/workspace/car-shopping-web-ui-test/node_modules/nightwatch/lib/page-object/command-wrapper.js:103:25)
    at /data/jenkins/workspace/car-shopping-web-ui-test/tests/pagination/UserIsAbleToIterateListUsingNextAndPreviousButton.js:42:35
    at Object.&lt;anonymous> (/data/jenkins/workspace/car-shopping-web-ui-test/pageobjects/carSearchList/searchListPage.js:126:33)
    at null._onTimeout (/data/jenkins/workspace/car-shopping-web-ui-test/node_modules/nightwatch/lib/api/client-commands/pause.js:37:10)
    at Timer.listOnTimeout (timers.js:92:15)</failure>

    
    </testcase>
  
  
    
    <testcase name="Verify Previous Button Functionality">
      <skipped/>
    </testcase>
    
  
  </testsuite><testsuite name="TestCarSearchForAirportIsRecordedInScratchpad" errors="0" failures="0" hostname="" id="" package="scratchpad" skipped="4" tests="4" time="0.000" timestamp="Fri, 15 Jul 2016 22:16:11 GMT">
  
  
    
    <testcase name="Search For Car">
      <skipped/>
    </testcase>
    
    <testcase name="Reload Page">
      <skipped/>
    </testcase>
    
    <testcase name="Click On My Scratchpad">
      <skipped/>
    </testcase>
    
    <testcase name="Click On View Scratchpad">
      <skipped/>
    </testcase>
    
  
  </testsuite><testsuite name="TestCarSearchForOffAirportIsRecordedInScratchpad" errors="0" failures="0" hostname="" id="" package="scratchpad" skipped="4" tests="4" time="0.000" timestamp="Fri, 15 Jul 2016 22:16:16 GMT">
  
  
    
    <testcase name="Search For Car">
      <skipped/>
    </testcase>
    
    <testcase name="Reload Page">
      <skipped/>
    </testcase>
    
    <testcase name="Click On My Scratchpad">
      <skipped/>
    </testcase>
    
    <testcase name="Click On View Scratchpad">
      <skipped/>
    </testcase>
    
  
  </testsuite><testsuite name="searchPlaybackOnSearchListAndDropOffPage" errors="0" failures="0" hostname="" id="" package="searchPlayback" skipped="0" tests="2" time="0.000" timestamp="Fri, 15 Jul 2016 22:18:40 GMT">
  
    <testcase name="Search For Car From Airport To Off Airport" time="130.6" assertions="8">

    

    

    

    

    

    

    

    
    </testcase>
  
    <testcase name="Click on first available car" time="4.455" assertions="6">

    

    

    

    

    

    
    </testcase>
  
  
  </testsuite><testsuite name="searchPlaybackRoundTrip" errors="0" failures="0" hostname="" id="" package="searchPlayback" skipped="0" tests="1" time="0.000" timestamp="Fri, 15 Jul 2016 22:18:41 GMT">
  
    <testcase name="Search For Car For Off Airport Round Trip" time="131.3" assertions="7">

    

    

    

    

    

    

    
    </testcase>
  
  
  </testsuite><testsuite name="SearchTimeUpdatedToNextAvailableTimeWhenCurrentTimeIsGiven" errors="0" failures="0" hostname="" id="" package="searchPlayback" skipped="2" tests="2" time="0.000" timestamp="Fri, 15 Jul 2016 22:16:20 GMT">
  
  
    
    <testcase name="Search for Car with Pick Up as Current Date and Time">
      <skipped/>
    </testcase>
    
    <testcase name="Search for Car with Pick Up as Current Date and Time and Pick Up Location with different timezone">
      <skipped/>
    </testcase>
    
  
  </testsuite><testsuite name="TestUserIsAbleToFilterCarOffersBasedOnSingleCarType" errors="0" failures="0" hostname="" id="" package="carType" skipped="0" tests="5" time="0.000" timestamp="Fri, 15 Jul 2016 22:11:20 GMT">
  
    <testcase name="Search For Car" time="22.09" assertions="4">

    

    

    

    
    </testcase>
  
    <testcase name="Filter Section Is Visible For Type" time="6.578" assertions="4">

    

    

    

    
    </testcase>
  
    <testcase name="Select A Single Car Class Filter" time="14.40" assertions="5">

    

    

    

    

    
    </testcase>
  
    <testcase name="Uncheck car type selected in previous step" time="6.771" assertions="2">

    

    
    </testcase>
  
    <testcase name="Repeat Select A Single Car Class Filter" time="10.62" assertions="3">

    

    

    
    </testcase>
  
  
  </testsuite><testsuite name="TestUserIsAbleToFilterCarOffersBasedOnDailyPrices" errors="0" failures="0" hostname="" id="" package="dailyPrices" skipped="0" tests="5" time="0.000" timestamp="Fri, 15 Jul 2016 22:12:59 GMT">
  
    <testcase name="Search For Car" time="130.7" assertions="4">

    

    

    

    
    </testcase>
  
    <testcase name="Filter Section Is Visible For Type" time="1.557" assertions="4">

    

    

    

    
    </testcase>
  
    <testcase name="Select Any one Daily Price Filter and Verify the page header is updated with the number of cars and the price per day" time="10.27" assertions="7">

    

    

    

    

    

    

    
    </testcase>
  
    <testcase name="Uncheck first filter selected in previous step" time="2.612" assertions="2">

    

    
    </testcase>
  
    <testcase name="Repeat Select Any one Daily Price Filter" time="10.71" assertions="7">

    

    

    

    

    

    

    
    </testcase>
  
  
  </testsuite><testsuite name="TestUserIsAbleToFilterCarOffersByPickUpDistanceRadius" errors="0" failures="0" hostname="" id="" package="searchNearBy" skipped="0" tests="3" time="0.000" timestamp="Fri, 15 Jul 2016 22:11:17 GMT">
  
    <testcase name="Search For Cars off-airport to off-airport" time="30.70" assertions="4">

    

    

    

    
    </testcase>
  
    <testcase name="Filter section is visible for search nearby" time="5.191" assertions="4">

    

    

    

    
    </testcase>
  
    <testcase name="Select Least Car Radius" time="4.822" assertions="1">

    
    </testcase>
  
  
  </testsuite><testsuite name="TestUserIsAbleToFilterCarOffersBasedOnSingleCarVendor" errors="0" failures="1" hostname="" id="" package="vendor" skipped="2" tests="5" time="0.000" timestamp="Fri, 15 Jul 2016 22:14:13 GMT">
  
    <testcase name="Search For Car" time="17.59" assertions="4">

    

    

    

    
    </testcase>
  
    <testcase name="Filter Section Is Visible For Vendor" time="6.682" assertions="4">

    

    

    

    
    </testcase>
  
    <testcase name="Select A Single Vendor Filter" time="1.062" assertions="1">  <failure message="Timed out while waiting for element &lt;label[data-filter-name='ET']> to be present for 90000 milliseconds.">    at Object.waitForElementVisible (/data/jenkins/workspace/car-shopping-web-ui-test/node_modules/nightwatch/lib/page-object/command-wrapper.js:103:25)
    at Object.filterActions.selectFilterForCarRentalCompany (/data/jenkins/workspace/car-shopping-web-ui-test/pageobjects/carSearchList/filterComponent.js:55:14)
    at Object.module.exports.Select A Single Vendor Filter (/data/jenkins/workspace/car-shopping-web-ui-test/tests/filterSection/vendor/TestUserIsAbleToFilterCarOffersBasedOnSingleCarVendor.js:33:34)
    at Module.call (/data/jenkins/workspace/car-shopping-web-ui-test/node_modules/nightwatch/lib/runner/module.js:63:34)
    at /data/jenkins/workspace/car-shopping-web-ui-test/node_modules/nightwatch/lib/runner/testcase.js:97:29
    at _fulfilled (/data/jenkins/workspace/car-shopping-web-ui-test/node_modules/nightwatch/node_modules/q/q.js:834:54)
    at self.promiseDispatch.done (/data/jenkins/workspace/car-shopping-web-ui-test/node_modules/nightwatch/node_modules/q/q.js:863:30)
    at Promise.promise.promiseDispatch (/data/jenkins/workspace/car-shopping-web-ui-test/node_modules/nightwatch/node_modules/q/q.js:796:13)
    at /data/jenkins/workspace/car-shopping-web-ui-test/node_modules/nightwatch/node_modules/q/q.js:556:49
    at runSingle (/data/jenkins/workspace/car-shopping-web-ui-test/node_modules/nightwatch/node_modules/q/q.js:137:13)</failure>

    
    </testcase>
  
  
    
    <testcase name="Uncheck car type selected in previous step">
      <skipped/>
    </testcase>
    
    <testcase name="Repeat Select A Single Vendor Filter">
      <skipped/>
    </testcase>
    
  
  </testsuite></testsuites>